#
# There is insufficient memory for the Java Runtime Environment to continue.
# Native memory allocation (mmap) failed to map 255852544 bytes. Error detail: G1 virtual space
# Possible reasons:
#   The system is out of physical RAM or swap space
#   This process is running with CompressedOops enabled, and the Java Heap may be blocking the growth of the native heap
# Possible solutions:
#   Reduce memory load on the system
#   Increase physical memory or swap space
#   Check if swap backing store is full
#   Decrease Java heap size (-Xmx/-Xms)
#   Decrease number of Java threads
#   Decrease Java thread stack sizes (-Xss)
#   Set larger code cache with -XX:ReservedCodeCacheSize=
#   JVM is running with Zero Based Compressed Oops mode in which the Java heap is
#     placed in the first 32GB address space. The Java Heap base address is the
#     maximum limit for the native heap growth. Please use -XX:HeapBaseMinAddress
#     to set the Java Heap base and to place the Java Heap above 32GB virtual address.
# This output file may be truncated or incomplete.
#
#  Out of Memory Error (os_windows.cpp:3631), pid=17896, tid=9284
#
# JRE version:  (22.0.2+9) (build )
# Java VM: OpenJDK 64-Bit Server VM (22.0.2+9-70, mixed mode, sharing, tiered, compressed oops, compressed class ptrs, g1 gc, windows-amd64)
# No core dump will be written. Minidumps are not enabled by default on client versions of Windows
#

---------------  S U M M A R Y ------------

Command Line: -Dnet.bytebuddy.agent.attacher.dump= net.bytebuddy.agent.Attacher com.sun.tools.attach.VirtualMachine 15660 C:\Users\Admin\.m2\repository\net\bytebuddy\byte-buddy-agent\1.14.17\byte-buddy-agent-1.14.17.jar false 

Host: AMD Ryzen 5 PRO 4650U with Radeon Graphics, 12 cores, 15G,  Windows 10 , 64 bit Build 19041 (10.0.19041.4597)
Time: Sat Aug  3 10:27:06 2024 SE Asia Standard Time elapsed time: 0.009369 seconds (0d 0h 0m 0s)

---------------  T H R E A D  ---------------

Current thread (0x00000211de6c09d0):  JavaThread "Unknown thread" [_thread_in_vm, id=9284, stack(0x000000eb30700000,0x000000eb30800000) (1024K)]

Stack: [0x000000eb30700000,0x000000eb30800000]
Native frames: (J=compiled Java code, j=interpreted, Vv=VM code, C=native code)
V  [jvm.dll+0x6e26e9]  (no source info available)
V  [jvm.dll+0x875753]  (no source info available)
V  [jvm.dll+0x877b7e]  (no source info available)
V  [jvm.dll+0x878253]  (no source info available)
V  [jvm.dll+0x27fc86]  (no source info available)
V  [jvm.dll+0x6ded85]  (no source info available)
V  [jvm.dll+0x6d388a]  (no source info available)
V  [jvm.dll+0x358b8a]  (no source info available)
V  [jvm.dll+0x3610b6]  (no source info available)
V  [jvm.dll+0x3b419e]  (no source info available)
V  [jvm.dll+0x3b4448]  (no source info available)
V  [jvm.dll+0x32c5ec]  (no source info available)
V  [jvm.dll+0x32d258]  (no source info available)
V  [jvm.dll+0x83d5ac]  (no source info available)
V  [jvm.dll+0x3c10d1]  (no source info available)
V  [jvm.dll+0x8264cc]  (no source info available)
V  [jvm.dll+0x45bd5e]  (no source info available)
V  [jvm.dll+0x45dbe1]  (no source info available)
C  [jli.dll+0x52a3]  (no source info available)
C  [ucrtbase.dll+0x21bb2]  (no source info available)
C  [KERNEL32.DLL+0x17374]  (no source info available)
C  [ntdll.dll+0x4cc91]  (no source info available)


---------------  P R O C E S S  ---------------

Threads class SMR info:
_java_thread_list=0x00007ffdf2f3c1c8, length=0, elements={
}

Java Threads: ( => current thread )
Total: 0

Other Threads:
  0x00000211de9e76c0 WorkerThread "GC Thread#0"                     [id=2648, stack(0x000000eb30800000,0x000000eb30900000) (1024K)]
  0x00000211de9f8f10 ConcurrentGCThread "G1 Main Marker"            [id=10312, stack(0x000000eb30900000,0x000000eb30a00000) (1024K)]
  0x00000211de9f9930 WorkerThread "G1 Conc#0"                       [id=11380, stack(0x000000eb30a00000,0x000000eb30b00000) (1024K)]

[error occurred during error reporting (printing all threads), id 0xc0000005, EXCEPTION_ACCESS_VIOLATION (0xc0000005) at pc=0x00007ffdf268f517]
VM state: not at safepoint (not fully initialized)

VM Mutex/Monitor currently owned by a thread:  ([mutex/lock_event])
[0x00007ffdf2fbcc80] Heap_lock - owner thread: 0x00000211de6c09d0

Heap address: 0x000000070c600000, size: 3898 MB, Compressed Oops mode: Zero based, Oop shift amount: 3

CDS archive(s) mapped at: [0x0000000000000000-0x0000000000000000-0x0000000000000000), size 0, SharedBaseAddress: 0x0000000800000000, ArchiveRelocationMode: 1.
Narrow klass base: 0x0000000000000000, Narrow klass shift: 0, Narrow klass range: 0x0

GC Precious Log:
 CardTable entry size: 512
 Card Set container configuration: InlinePtr #cards 4 size 8 Array Of Cards #cards 16 size 48 Howl #buckets 8 coarsen threshold 3686 Howl Bitmap #cards 512 size 80 coarsen threshold 460 Card regions per heap region 1 cards per card region 4096

Heap:
 garbage-first heap   total reserved 3991552K, committed 0K, used 0K [0x000000070c600000, 0x0000000800000000)
  region size 2048K, 0 young (0K), 0 survivors (0K)

[error occurred during error reporting (printing heap information), id 0xc0000005, EXCEPTION_ACCESS_VIOLATION (0xc0000005) at pc=0x00007ffdf2a8e869]
GC Heap History (0 events):
No events

Dll operation events (1 events):
Event: 0.006 Loaded shared library C:\Users\Admin\openjdk-22.0.2_windows-x64_bin\jdk-22.0.2\bin\java.dll

Deoptimization events (0 events):
No events

Classes loaded (0 events):
No events

Classes unloaded (0 events):
No events

Classes redefined (0 events):
No events

Internal exceptions (0 events):
No events

ZGC Phase Switch (0 events):
No events

VM Operations (0 events):
No events

Memory protections (0 events):
No events

Nmethod flushes (0 events):
No events

Events (0 events):
No events


Dynamic libraries:
0x00007ff702530000 - 0x00007ff70253e000 	C:\Users\Admin\openjdk-22.0.2_windows-x64_bin\jdk-22.0.2\bin\java.exe
0x00007ffe68b90000 - 0x00007ffe68d88000 	C:\Windows\SYSTEM32\ntdll.dll
0x00007ffe68890000 - 0x00007ffe68951000 	C:\Windows\System32\KERNEL32.DLL
0x00007ffe66580000 - 0x00007ffe66876000 	C:\Windows\System32\KERNELBASE.dll
0x00007ffe66450000 - 0x00007ffe66550000 	C:\Windows\System32\ucrtbase.dll
0x00007ffe4a270000 - 0x00007ffe4a28b000 	C:\Users\Admin\openjdk-22.0.2_windows-x64_bin\jdk-22.0.2\bin\VCRUNTIME140.dll
0x00007ffe4a2f0000 - 0x00007ffe4a307000 	C:\Users\Admin\openjdk-22.0.2_windows-x64_bin\jdk-22.0.2\bin\jli.dll
0x00007ffe67400000 - 0x00007ffe6759f000 	C:\Windows\System32\USER32.dll
0x00007ffe51940000 - 0x00007ffe51bda000 	C:\Windows\WinSxS\amd64_microsoft.windows.common-controls_6595b64144ccf1df_6.0.19041.4355_none_60b8b9eb71f62e16\COMCTL32.dll
0x00007ffe682a0000 - 0x00007ffe6833e000 	C:\Windows\System32\msvcrt.dll
0x00007ffe66420000 - 0x00007ffe66442000 	C:\Windows\System32\win32u.dll
0x00007ffe67320000 - 0x00007ffe6734b000 	C:\Windows\System32\GDI32.dll
0x00007ffe668f0000 - 0x00007ffe66a07000 	C:\Windows\System32\gdi32full.dll
0x00007ffe662f0000 - 0x00007ffe6638d000 	C:\Windows\System32\msvcp_win.dll
0x00007ffe685e0000 - 0x00007ffe6860f000 	C:\Windows\System32\IMM32.DLL
0x00007ffe49af0000 - 0x00007ffe49afc000 	C:\Users\Admin\openjdk-22.0.2_windows-x64_bin\jdk-22.0.2\bin\vcruntime140_1.dll
0x00007ffe41ea0000 - 0x00007ffe41f2e000 	C:\Users\Admin\openjdk-22.0.2_windows-x64_bin\jdk-22.0.2\bin\msvcp140.dll
0x00007ffdf2350000 - 0x00007ffdf3099000 	C:\Users\Admin\openjdk-22.0.2_windows-x64_bin\jdk-22.0.2\bin\server\jvm.dll
0x00007ffe68120000 - 0x00007ffe681d0000 	C:\Windows\System32\ADVAPI32.dll
0x00007ffe68670000 - 0x00007ffe68710000 	C:\Windows\System32\sechost.dll
0x00007ffe66bc0000 - 0x00007ffe66ce3000 	C:\Windows\System32\RPCRT4.dll
0x00007ffe66550000 - 0x00007ffe66577000 	C:\Windows\System32\bcrypt.dll
0x00007ffe68960000 - 0x00007ffe689cb000 	C:\Windows\System32\WS2_32.dll
0x00007ffe66090000 - 0x00007ffe660db000 	C:\Windows\SYSTEM32\POWRPROF.dll
0x00007ffe5cb30000 - 0x00007ffe5cb57000 	C:\Windows\SYSTEM32\WINMM.dll
0x00007ffe5e3a0000 - 0x00007ffe5e3aa000 	C:\Windows\SYSTEM32\VERSION.dll
0x00007ffe65fc0000 - 0x00007ffe65fd2000 	C:\Windows\SYSTEM32\UMPDC.dll
0x00007ffe64060000 - 0x00007ffe64072000 	C:\Windows\SYSTEM32\kernel.appcore.dll
0x00007ffe49ae0000 - 0x00007ffe49aea000 	C:\Users\Admin\openjdk-22.0.2_windows-x64_bin\jdk-22.0.2\bin\jimage.dll
0x00007ffe63690000 - 0x00007ffe63874000 	C:\Windows\SYSTEM32\DBGHELP.DLL
0x00007ffe54920000 - 0x00007ffe54954000 	C:\Windows\SYSTEM32\dbgcore.DLL
0x00007ffe66390000 - 0x00007ffe66412000 	C:\Windows\System32\bcryptPrimitives.dll
0x00007ffe49a70000 - 0x00007ffe49a8e000 	C:\Users\Admin\openjdk-22.0.2_windows-x64_bin\jdk-22.0.2\bin\java.dll
0x00007ffe679b0000 - 0x00007ffe6811c000 	C:\Windows\System32\SHELL32.dll
0x00007ffe68420000 - 0x00007ffe6854b000 	C:\Windows\System32\ole32.dll
0x00007ffe67650000 - 0x00007ffe679a3000 	C:\Windows\System32\combase.dll

dbghelp: loaded successfully - version: 4.0.5 - missing functions: none
symbol engine: initialized successfully - sym options: 0x614 - pdb path: .;C:\Users\Admin\openjdk-22.0.2_windows-x64_bin\jdk-22.0.2\bin;C:\Windows\SYSTEM32;C:\Windows\WinSxS\amd64_microsoft.windows.common-controls_6595b64144ccf1df_6.0.19041.4355_none_60b8b9eb71f62e16;C:\Users\Admin\openjdk-22.0.2_windows-x64_bin\jdk-22.0.2\bin\server

VM Arguments:
jvm_args: -Dnet.bytebuddy.agent.attacher.dump= 
java_command: net.bytebuddy.agent.Attacher com.sun.tools.attach.VirtualMachine 15660 C:\Users\Admin\.m2\repository\net\bytebuddy\byte-buddy-agent\1.14.17\byte-buddy-agent-1.14.17.jar false 
java_class_path (initial): C:\Users\Admin\.m2\repository\net\bytebuddy\byte-buddy-agent\1.14.17\byte-buddy-agent-1.14.17.jar
Launcher Type: SUN_STANDARD

[Global flags]
     intx CICompilerCount                          = 4                                         {product} {ergonomic}
     uint ConcGCThreads                            = 3                                         {product} {ergonomic}
     uint G1ConcRefinementThreads                  = 10                                        {product} {ergonomic}
   size_t G1HeapRegionSize                         = 2097152                                   {product} {ergonomic}
   size_t InitialHeapSize                          = 255852544                                 {product} {ergonomic}
   size_t MarkStackSize                            = 4194304                                   {product} {ergonomic}
   size_t MaxHeapSize                              = 4087349248                                {product} {ergonomic}
   size_t MinHeapDeltaBytes                        = 2097152                                   {product} {ergonomic}
   size_t MinHeapSize                              = 8388608                                   {product} {ergonomic}
    uintx NonNMethodCodeHeapSize                   = 5839372                                {pd product} {ergonomic}
    uintx NonProfiledCodeHeapSize                  = 122909434                              {pd product} {ergonomic}
    uintx ProfiledCodeHeapSize                     = 122909434                              {pd product} {ergonomic}
    uintx ReservedCodeCacheSize                    = 251658240                              {pd product} {ergonomic}
     bool SegmentedCodeCache                       = true                                      {product} {ergonomic}
   size_t SoftMaxHeapSize                          = 4087349248                             {manageable} {ergonomic}
     bool UseCompressedOops                        = true                           {product lp64_product} {ergonomic}
     bool UseG1GC                                  = true                                      {product} {ergonomic}
     bool UseLargePagesIndividualAllocation        = false                                  {pd product} {ergonomic}

Logging:
Log output configuration:
 #0: stdout all=warning uptime,level,tags foldmultilines=false
 #1: stderr all=off uptime,level,tags foldmultilines=false

Environment Variables:
JAVA_HOME=C:\Users\Admin\openjdk-22.0.2_windows-x64_bin\jdk-22.0.2
PATH=C:\Program Files\Anaconda\Scripts\conda.exe;C:\Program Files\Common Files\Oracle\Java\javapath;C:\Program Files (x86)\VMware\VMware Workstation\bin;C:\Windows\system32;C:\Windows;C:\Windows\System32\Wbem;C:\Windows\System32\WindowsPowerShell\v1.0;C:\Windows\System32\OpenSSH;C:\Program Files\Microsoft SQL Server\130\Tools\Binn;C:\Users\Admin\Python\Scripts;C:\Users\Admin\Python;C:\Users\Admin\Python\Lib\site-packages;C:\Program Files (x86)\Microsoft SQL Server\160\Tools\Binn;C:\Program Files\Microsoft SQL Server\160\Tools\Binn;C:\Program Files\Microsoft SQL Server\Client SDK\ODBC\170\Tools\Binn;C:\Program Files\Microsoft SQL Server\160\DTS\Binn;C:\Program Files (x86)\Microsoft SQL Server\160\DTS\Binn;C:\Program Files\Azure Data Studio\bin;C:\Users\Admin\Documents;C:\Program Files\nodejs;C:\Program Files\Git\cmd;C:\Program Files (x86)\Google\Cloud SDK\google-cloud-sdk\bin;C:\Users\Admin\Documents;C:\Program Files\nodejs;C:\Program Files\Microsoft VS Code\bin;C:\Program Files\Anaconda\condabin\conda.bat;C:\Program Files\Anaconda\Library\bin\conda.bat;C:\Program Files\Cloudflare\Cloudflare WARP\;C:\Program Files\Microsoft SQL Server\Client SDK\ODBC\170\Tools\Binn\;C:\Program Files\Microsoft SQL Server\160\DTS\Binn\;C:\Program Files\Docker\Docker\resources\bin;C:\Program Files\Maven\apache-maven-3.9.8\bin;C:\Users\Admin\openjdk-22.0.2_windows-x64_bin\jdk-22.0.2\bin;C:\Users\Admin\anaconda3;C:\Users\Admin\anaconda3\Library\mingw-w64\bin;C:\Users\Admin\anaconda3\Library\usr\bin;C:\Users\Admin\anaconda3\Library\bin;C:\Users\Admin\anaconda3\Scripts;C:\Users\Admin\.pyenv\pyenv-win\bin;C:\Users\Admin\.pyenv\pyenv-win\shims;C:\Program Files\Common Files\Oracle\Java\javapath;C:\Program Files (x86)\VMware\VMware Workstation\bin;C:\Windows\system32;C:\Windows;C:\Windows\System32\Wbem;C:\Windows\System32\WindowsPowerShell\v1.0;C:\Windows\System32\OpenSSH\;C:\Program Files\Microsoft SQL Server\130\Tools\Binn;C:\Users\Admin\Python\Scripts\;C:\Users\Admin\Python;C:\Users\Admin\Python\Lib\site-packages;C:\Program Files (x86)\Microsoft SQL Server\160\Tools\Binn;C:\Program Files\Microsoft SQL Server\160\Tools\Binn\;C:\Program Files\Microsoft SQL Server\Client SDK\ODBC\170\Tools\Binn;C:\Program Files\Microsoft SQL Server\160\DTS\Binn;C:\Program Files (x86)\Microsoft SQL Server\160\DTS\Binn;C:\Program Files\Azure Data Studio\bin;C:\Users\Admin\AppData\Roaming\nvm;C:\Program Files\nodejs;C:\Program Files\Git\cmd;C:\Program Files\Common Files\Oracle\Java\javapath;C:\Program Files (x86)\VMware\VMware Workstation\bin\;C:\Windows\system32;C:\Windows;C:\Windows\System32\Wbem;C:\Windows\System32\WindowsPowerShell\v1.0\;C:\Windows\System32\OpenSSH\;C:\Program Files\Microsoft;
USERNAME=Admin
OS=Windows_NT
PROCESSOR_IDENTIFIER=AMD64 Family 23 Model 96 Stepping 1, AuthenticAMD
TMP=C:\Users\Admin\AppData\Local\Temp
TEMP=C:\Users\Admin\AppData\Local\Temp




Periodic native trim disabled

---------------  S Y S T E M  ---------------

OS:
 Windows 10 , 64 bit Build 19041 (10.0.19041.4597)
OS uptime: 0 days 11:10 hours
Hyper-V role detected

CPU: total 12 (initial active 12) (12 cores per cpu, 2 threads per core) family 23 model 96 stepping 1 microcode 0x0, cx8, cmov, fxsr, ht, mmx, 3dnowpref, sse, sse2, sse3, ssse3, sse4a, sse4.1, sse4.2, popcnt, lzcnt, tsc, tscinvbit, avx, avx2, aes, clmul, bmi1, bmi2, adx, sha, fma, vzeroupper, clflush, clflushopt, hv, rdtscp, rdpid, f16c
Processor Information for all 12 processors :
  Max Mhz: 2100, Current Mhz: 2100, Mhz Limit: 2100

Memory: 4k page, system-wide physical 15591M (1598M free)
TotalPageFile size 15591M (AvailPageFile size 244M)
current process WorkingSet (physical memory assigned to process): 11M, peak: 11M
current process commit charge ("private bytes"): 64M, peak: 308M

vm_info: OpenJDK 64-Bit Server VM (22.0.2+9-70) for windows-amd64 JRE (22.0.2+9-70), built on 2024-06-04T16:52:23Z by "mach5one" with MS VC++ 17.6 (VS2022)

END.
